{
  "stats": {
    "suites": 1,
    "tests": 2,
    "passes": 0,
    "pending": 0,
    "failures": 2,
    "start": "2024-09-17T10:45:55.166Z",
    "end": "2024-09-17T10:46:08.183Z",
    "duration": 13017,
    "testsRegistered": 2,
    "passPercent": 0,
    "pendingPercent": 0,
    "other": 0,
    "hasOther": false,
    "skipped": 0,
    "hasSkipped": false
  },
  "results": [
    {
      "uuid": "2d27ca88-d018-491e-8129-fe2202dc4db6",
      "title": "",
      "fullFile": "cypress\\e2e\\TestCase1.cy.js",
      "file": "cypress\\e2e\\TestCase1.cy.js",
      "beforeHooks": [],
      "afterHooks": [],
      "tests": [],
      "suites": [
        {
          "uuid": "ce9b2147-91f1-4253-9010-7dc13288f0d3",
          "title": "Test Suite Name",
          "fullFile": "",
          "file": "",
          "beforeHooks": [],
          "afterHooks": [],
          "tests": [
            {
              "title": "Test Case 1: Check title of the page",
              "fullTitle": "Test Suite Name Test Case 1: Check title of the page",
              "timedOut": null,
              "duration": 4576,
              "state": "failed",
              "speed": null,
              "pass": false,
              "fail": true,
              "pending": false,
              "context": "{\n  \"title\": \"cypress-mochawesome-reporter-screenshots\",\n  \"value\": [\n    [\n      \"\\\\TestCase1.cy.js\\\\Test Suite Name -- Test Case 1 Check title of the page (failed).png\"\n    ]\n  ]\n}",
              "code": "// Assertions for title\ncy.title().should('eq', 'Expected Page Title');",
              "err": {
                "message": "AssertionError: Timed out retrying after 4000ms: expected 'Example Domain' to equal 'Expected Page Title'",
                "estack": "AssertionError: Timed out retrying after 4000ms: expected 'Example Domain' to equal 'Expected Page Title'\n    at Context.eval (webpack://cypressautomation/./cypress/e2e/TestCase1.cy.js:15:17)",
                "diff": "- 'Example Domain'\n+ 'Expected Page Title'\n"
              },
              "uuid": "64955b61-0444-4294-ba7e-9ccfd12d625c",
              "parentUUID": "ce9b2147-91f1-4253-9010-7dc13288f0d3",
              "isHook": false,
              "skipped": false
            },
            {
              "title": "Test Case 2: Fill a form and submit",
              "fullTitle": "Test Suite Name Test Case 2: Fill a form and submit",
              "timedOut": null,
              "duration": 5216,
              "state": "failed",
              "speed": null,
              "pass": false,
              "fail": true,
              "pending": false,
              "context": "{\n  \"title\": \"cypress-mochawesome-reporter-screenshots\",\n  \"value\": [\n    [\n      \"\\\\TestCase1.cy.js\\\\Test Suite Name -- Test Case 2 Fill a form and submit (failed).png\"\n    ]\n  ]\n}",
              "code": "// Finding and interacting with DOM elements\ncy.get('#username').type('testuser');\ncy.get('#password').type('password123');\ncy.get('form').submit();\n// Assertion to check if the user is redirected\ncy.url().should('include', '/dashboard');",
              "err": {
                "message": "AssertionError: Timed out retrying after 4000ms: Expected to find element: `#username`, but never found it.",
                "estack": "AssertionError: Timed out retrying after 4000ms: Expected to find element: `#username`, but never found it.\n    at Context.eval (webpack://cypressautomation/./cypress/e2e/TestCase1.cy.js:20:9)",
                "diff": null
              },
              "uuid": "1ffdc952-3e34-44f6-8828-1f3e5085c669",
              "parentUUID": "ce9b2147-91f1-4253-9010-7dc13288f0d3",
              "isHook": false,
              "skipped": false
            }
          ],
          "suites": [],
          "passes": [],
          "failures": [
            "64955b61-0444-4294-ba7e-9ccfd12d625c",
            "1ffdc952-3e34-44f6-8828-1f3e5085c669"
          ],
          "pending": [],
          "skipped": [],
          "duration": 9792,
          "root": false,
          "rootEmpty": false,
          "_timeout": 2000
        }
      ],
      "passes": [],
      "failures": [],
      "pending": [],
      "skipped": [],
      "duration": 0,
      "root": true,
      "rootEmpty": true,
      "_timeout": 2000
    }
  ],
  "meta": {
    "mocha": {
      "version": "7.0.1"
    },
    "mochawesome": {
      "options": {
        "quiet": false,
        "reportFilename": "[name]-report",
        "saveHtml": true,
        "saveJson": true,
        "consoleReporter": "spec",
        "useInlineDiffs": false,
        "code": true
      },
      "version": "7.1.3"
    },
    "marge": {
      "options": {
        "reportDir": "cypress/reports/mochawesome",
        "overwrite": false,
        "html": true,
        "json": true,
        "reportFilename": "[name]-report"
      },
      "version": "6.2.0"
    }
  }
}